{
  "RSpec": {
    "coverage": {
      "/Users/thadycondon/Documents/Projects/gitsnitch/spec/support/response_helper.rb": [
        1,
        null,
        1,
        null,
        1,
        48,
        48,
        48,
        48,
        48,
        48,
        null,
        null,
        1,
        59,
        null,
        null,
        1,
        6,
        null,
        null,
        null
      ],
      "/Users/thadycondon/Documents/Projects/gitsnitch/spec/controllers/snitch_controller_spec.rb": [
        1,
        null,
        1,
        null,
        null
      ],
      "/Users/thadycondon/Documents/Projects/gitsnitch/spec/rails_helper.rb": [
        null,
        1,
        1,
        null,
        1,
        1,
        1,
        1,
        1,
        1,
        1,
        1,
        null,
        null,
        null,
        null,
        null,
        null,
        null,
        null,
        null,
        null,
        null,
        null,
        null,
        null,
        null,
        null,
        null,
        4,
        null,
        null,
        null,
        1,
        null,
        1,
        null,
        1,
        null,
        null,
        1,
        null,
        null,
        null,
        null,
        1,
        null,
        null,
        null,
        null,
        null,
        null,
        null,
        null,
        null,
        null,
        null,
        null,
        null,
        null,
        1,
        null,
        null,
        1,
        null,
        null,
        null
      ],
      "/Users/thadycondon/Documents/Projects/gitsnitch/config/environment.rb": [
        null,
        1,
        null,
        null,
        1
      ],
      "/Users/thadycondon/Documents/Projects/gitsnitch/config/application.rb": [
        1,
        null,
        1,
        null,
        1,
        1,
        1,
        1,
        1,
        1,
        1,
        1,
        null,
        null,
        null,
        null,
        1,
        null,
        1,
        1,
        null,
        null,
        null,
        null,
        null
      ],
      "/Users/thadycondon/Documents/Projects/gitsnitch/config/boot.rb": [
        1,
        null,
        1
      ],
      "/Users/thadycondon/Documents/Projects/gitsnitch/config/spring.rb": [
        null,
        null,
        null,
        null,
        null,
        5
      ],
      "/Users/thadycondon/Documents/Projects/gitsnitch/config/environments/test.rb": [
        1,
        null,
        null,
        null,
        null,
        null,
        null,
        1,
        null,
        null,
        null,
        null,
        1,
        null,
        null,
        1,
        1,
        null,
        null,
        null,
        null,
        1,
        1,
        null,
        null,
        1,
        null,
        null,
        1,
        1,
        null,
        null,
        null,
        null,
        1,
        null,
        null,
        1,
        null,
        null,
        null,
        null
      ],
      "/Users/thadycondon/Documents/Projects/gitsnitch/config/initializers/application_controller_renderer.rb": [
        null,
        null,
        null,
        null,
        null,
        null
      ],
      "/Users/thadycondon/Documents/Projects/gitsnitch/config/initializers/assets.rb": [
        null,
        null,
        null,
        1,
        null,
        null,
        null,
        null,
        null,
        null,
        null
      ],
      "/Users/thadycondon/Documents/Projects/gitsnitch/config/initializers/backtrace_silencers.rb": [
        null,
        null,
        null,
        null,
        null,
        null,
        null
      ],
      "/Users/thadycondon/Documents/Projects/gitsnitch/config/initializers/cookies_serializer.rb": [
        null,
        null,
        null,
        null,
        1
      ],
      "/Users/thadycondon/Documents/Projects/gitsnitch/config/initializers/devise.rb": [
        null,
        null,
        1,
        null,
        null,
        null,
        null,
        null,
        null,
        null,
        null,
        null,
        null,
        null,
        1,
        null,
        null,
        null,
        null,
        null,
        null,
        null,
        null,
        null,
        null,
        null,
        1,
        1,
        null,
        null,
        null,
        null,
        null,
        null,
        null,
        null,
        null,
        null,
        null,
        null,
        null,
        null,
        null,
        null,
        null,
        null,
        null,
        null,
        null,
        null,
        1,
        null,
        null,
        null,
        null,
        1,
        null,
        null,
        null,
        null,
        null,
        null,
        null,
        null,
        null,
        null,
        null,
        null,
        null,
        null,
        null,
        null,
        null,
        null,
        null,
        null,
        null,
        null,
        null,
        null,
        null,
        null,
        null,
        null,
        null,
        null,
        1,
        null,
        null,
        null,
        null,
        null,
        null,
        null,
        null,
        null,
        null,
        null,
        null,
        null,
        null,
        null,
        null,
        null,
        null,
        null,
        null,
        null,
        null,
        1,
        null,
        null,
        null,
        null,
        null,
        null,
        null,
        null,
        null,
        null,
        null,
        null,
        null,
        null,
        null,
        null,
        null,
        null,
        null,
        null,
        null,
        null,
        null,
        null,
        null,
        null,
        null,
        1,
        null,
        null,
        null,
        null,
        null,
        null,
        null,
        null,
        null,
        1,
        null,
        null,
        null,
        null,
        null,
        null,
        null,
        null,
        null,
        null,
        1,
        null,
        null,
        null,
        null,
        1,
        null,
        null,
        null,
        null,
        null,
        null,
        null,
        null,
        null,
        null,
        null,
        null,
        null,
        null,
        null,
        null,
        null,
        null,
        null,
        null,
        null,
        null,
        null,
        null,
        null,
        null,
        null,
        null,
        null,
        null,
        null,
        null,
        null,
        null,
        null,
        null,
        null,
        null,
        null,
        null,
        1,
        null,
        null,
        null,
        null,
        null,
        null,
        null,
        null,
        null,
        null,
        null,
        null,
        null,
        null,
        null,
        null,
        null,
        null,
        null,
        null,
        null,
        null,
        null,
        null,
        null,
        null,
        null,
        null,
        null,
        null,
        null,
        null,
        null,
        null,
        null,
        null,
        null,
        null,
        null,
        null,
        null,
        1,
        null,
        null,
        null,
        null,
        null,
        null,
        null,
        null,
        null,
        null,
        null,
        null,
        null,
        null,
        null,
        null,
        null,
        null,
        null,
        null,
        null,
        null,
        null,
        null,
        null,
        null,
        null,
        null,
        null,
        null
      ],
      "/Users/thadycondon/Documents/Projects/gitsnitch/config/initializers/filter_parameter_logging.rb": [
        null,
        null,
        null,
        1
      ],
      "/Users/thadycondon/Documents/Projects/gitsnitch/config/initializers/inflections.rb": [
        null,
        null,
        null,
        null,
        null,
        null,
        null,
        null,
        null,
        null,
        null,
        null,
        null,
        null,
        null,
        null
      ],
      "/Users/thadycondon/Documents/Projects/gitsnitch/config/initializers/mime_types.rb": [
        null,
        null,
        null,
        null
      ],
      "/Users/thadycondon/Documents/Projects/gitsnitch/config/initializers/new_framework_defaults.rb": [
        null,
        null,
        null,
        null,
        null,
        null,
        null,
        1,
        null,
        null,
        1,
        null,
        null,
        null,
        1,
        null,
        null,
        1,
        null,
        null,
        1,
        null,
        null,
        1
      ],
      "/Users/thadycondon/Documents/Projects/gitsnitch/config/initializers/session_store.rb": [
        null,
        null,
        1
      ],
      "/Users/thadycondon/Documents/Projects/gitsnitch/config/initializers/wrap_parameters.rb": [
        null,
        null,
        null,
        null,
        null,
        null,
        1,
        2,
        null,
        null,
        null,
        null,
        null,
        null
      ],
      "/Users/thadycondon/Documents/Projects/gitsnitch/config/routes.rb": [
        1,
        1,
        null,
        null,
        1,
        null,
        1,
        null,
        null
      ],
      "/Users/thadycondon/Documents/Projects/gitsnitch/app/models/user.rb": [
        1,
        null,
        null,
        1,
        null,
        null,
        1,
        8,
        7,
        7,
        null,
        null,
        null,
        1,
        0,
        0,
        0,
        null,
        null,
        null,
        null,
        null
      ],
      "/Users/thadycondon/Documents/Projects/gitsnitch/app/models/application_record.rb": [
        1,
        1,
        null
      ],
      "/Users/thadycondon/Documents/Projects/gitsnitch/app/helpers/application_helper.rb": [
        1,
        null
      ],
      "/Users/thadycondon/Documents/Projects/gitsnitch/app/helpers/snitch_helper.rb": [
        1,
        null
      ],
      "/Users/thadycondon/Documents/Projects/gitsnitch/spec/support/factory_girl.rb": [
        null
      ],
      "/Users/thadycondon/Documents/Projects/gitsnitch/spec/support/vcr.rb": [
        null,
        null,
        null,
        null
      ],
      "/Users/thadycondon/Documents/Projects/gitsnitch/app/controllers/snitch_controller.rb": [
        1,
        null,
        1,
        2,
        null,
        null,
        1,
        0,
        null,
        null,
        null
      ],
      "/Users/thadycondon/Documents/Projects/gitsnitch/app/controllers/application_controller.rb": [
        1,
        null,
        1,
        null,
        1,
        null,
        null,
        null,
        null
      ],
      "/Users/thadycondon/Documents/Projects/gitsnitch/spec/controllers/user_controller_spec.rb": [
        1,
        null,
        1,
        null,
        1,
        1,
        null,
        1,
        7,
        7,
        7,
        7,
        7,
        7,
        null,
        null,
        1,
        null,
        1,
        1,
        null,
        null,
        1,
        1,
        null,
        null,
        null,
        null,
        1,
        null,
        null,
        null,
        null,
        null,
        1,
        1,
        1,
        null,
        null,
        1,
        1,
        null,
        null,
        1,
        1,
        null,
        null,
        1,
        1,
        null,
        null,
        1,
        1,
        1,
        null,
        null,
        null,
        null,
        null
      ],
      "/Users/thadycondon/Documents/Projects/gitsnitch/app/controllers/users/omniauth_callbacks_controller.rb": [
        1,
        null,
        null,
        1,
        null,
        1,
        7,
        7,
        7,
        7,
        null,
        0,
        null,
        null,
        null,
        1,
        7,
        7,
        null,
        null,
        1,
        null,
        0,
        null,
        null,
        1,
        1,
        null,
        null,
        1,
        7,
        7,
        7,
        7,
        null,
        null,
        1,
        7,
        null,
        null,
        null
      ],
      "/Users/thadycondon/Documents/Projects/gitsnitch/lib/octokit_search.rb": [
        1,
        null,
        1,
        null,
        1,
        7,
        7,
        null,
        null,
        1,
        7,
        7,
        7,
        null,
        null,
        1,
        7,
        7,
        7,
        null,
        null,
        1,
        7,
        7,
        null,
        null,
        1,
        14,
        null,
        null,
        null
      ],
      "/Users/thadycondon/Documents/Projects/gitsnitch/lib/octokit_results.rb": [
        1,
        null,
        1,
        1,
        null,
        1,
        null,
        1,
        24,
        null,
        null,
        1,
        24,
        24,
        24,
        24,
        null,
        null,
        null,
        1,
        25,
        25,
        73,
        73,
        null,
        null,
        null,
        1,
        22,
        22,
        22,
        22,
        null,
        null,
        1,
        22,
        22,
        null,
        null,
        1,
        14,
        null,
        null,
        1,
        88,
        null,
        null,
        1,
        74,
        null,
        null,
        1,
        23,
        null,
        null,
        null
      ],
      "/Users/thadycondon/Documents/Projects/gitsnitch/spec/data_crunch_spec.rb": [
        1,
        null,
        1,
        null,
        1,
        14,
        14,
        14,
        14,
        14,
        14,
        14,
        14,
        14,
        null,
        null,
        null,
        1,
        null,
        1,
        1,
        null,
        null,
        1,
        1,
        null,
        null,
        1,
        1,
        null,
        null,
        null,
        null,
        1,
        null,
        1,
        1,
        null,
        null,
        1,
        1,
        null,
        null,
        1,
        1,
        null,
        null,
        1,
        1,
        null,
        null,
        null,
        null,
        1,
        null,
        1,
        1,
        null,
        null,
        null,
        null,
        1,
        null,
        1,
        1,
        null,
        null,
        null,
        null,
        1,
        null,
        1,
        1,
        1,
        null,
        null,
        null,
        null,
        1,
        null,
        1,
        1,
        1,
        null,
        null,
        null,
        null,
        1,
        null,
        1,
        3,
        3,
        3,
        3,
        null,
        null,
        1,
        1,
        null,
        null,
        1,
        1,
        null,
        null,
        1,
        1,
        null,
        null,
        null,
        null,
        1,
        13,
        null,
        null,
        null
      ],
      "/Users/thadycondon/Documents/Projects/gitsnitch/spec/data_refine_spec.rb": [
        null,
        null,
        null,
        null,
        null,
        null,
        null,
        null,
        null,
        null,
        null,
        null,
        null,
        null,
        null,
        null,
        null,
        null,
        null,
        null,
        null,
        null,
        null,
        null,
        null,
        null,
        null,
        null,
        null,
        null,
        null,
        null,
        null,
        null,
        null,
        null,
        null,
        null,
        null,
        null,
        null,
        null,
        null,
        null,
        null,
        null,
        null,
        null,
        null
      ],
      "/Users/thadycondon/Documents/Projects/gitsnitch/spec/features/snitch_feature_spec.rb": [
        1,
        null,
        1,
        null,
        1,
        1,
        1,
        null,
        null,
        1,
        null,
        null,
        1,
        1,
        1,
        null,
        null,
        null,
        null
      ],
      "/Users/thadycondon/Documents/Projects/gitsnitch/spec/helpers/snitch_helper_spec.rb": [
        1,
        null,
        null,
        null,
        null,
        null,
        null,
        null,
        null,
        null,
        null,
        null,
        1,
        null,
        null
      ],
      "/Users/thadycondon/Documents/Projects/gitsnitch/spec/models/user_spec.rb": [
        1,
        null,
        1,
        null,
        1,
        1,
        1,
        1,
        null,
        null,
        1,
        1,
        1,
        null,
        null,
        1,
        1,
        1,
        null,
        null,
        1,
        1,
        1,
        1,
        null,
        null,
        1,
        1,
        1,
        null,
        null,
        null
      ],
      "/Users/thadycondon/Documents/Projects/gitsnitch/spec/repo_search_spec.rb": [
        1,
        null,
        1,
        null,
        1,
        4,
        0,
        0,
        0,
        0,
        0,
        null,
        null,
        1,
        null,
        1,
        0,
        null,
        null,
        null,
        null,
        1,
        null,
        1,
        0,
        null,
        null,
        1,
        0,
        null,
        null,
        1,
        0,
        null,
        null,
        null,
        null,
        1,
        null,
        1,
        0,
        null,
        null,
        null
      ]
    },
    "timestamp": 1474644165
  }
}
